0 verbose cli C:\Program Files\nodejs\node.exe C:\Program Files\nodejs\node_modules\npm\bin\npm-cli.js
1 info using npm@10.2.3
2 info using node@v20.10.0
3 timing npm:load:whichnode Completed in 15ms
4 timing config:load:defaults Completed in 3ms
5 timing config:load:file:C:\Program Files\nodejs\node_modules\npm\npmrc Completed in 7ms
6 timing config:load:builtin Completed in 7ms
7 timing config:load:cli Completed in 3ms
8 timing config:load:env Completed in 1ms
9 timing config:load:file:C:\dev\openclaw-trusted-mode\.npmrc Completed in 0ms
10 timing config:load:project Completed in 2ms
11 timing config:load:file:C:\Users\MikeDarke\.npmrc Completed in 0ms
12 timing config:load:user Completed in 0ms
13 timing config:load:file:C:\Users\MikeDarke\AppData\Roaming\npm\etc\npmrc Completed in 0ms
14 timing config:load:global Completed in 1ms
15 timing config:load:setEnvs Completed in 1ms
16 timing config:load Completed in 18ms
17 timing npm:load:configload Completed in 18ms
18 timing config:load:flatten Completed in 3ms
19 timing npm:load:mkdirpcache Completed in 1ms
20 timing npm:load:mkdirplogs Completed in 1ms
21 verbose title npm run build
22 verbose argv "run" "build"
23 timing npm:load:setTitle Completed in 1ms
24 timing npm:load:display Completed in 1ms
25 verbose logfile logs-max:10 dir:C:\dev\openclaw-trusted-mode\.clean-room\local-smoke-20260306-170103\npm-cache\_logs\2026-03-06T22_01_05_357Z-
26 verbose logfile C:\dev\openclaw-trusted-mode\.clean-room\local-smoke-20260306-170103\npm-cache\_logs\2026-03-06T22_01_05_357Z-debug-0.log
27 timing npm:load:logFile Completed in 12ms
28 timing npm:load:timers Completed in 1ms
29 timing npm:load:configScope Completed in 0ms
30 timing npm:load Completed in 92ms
31 silly logfile done cleaning log files
32 timing command:run Completed in 2427ms
33 verbose exit 0
34 timing npm Completed in 2678ms
35 info ok
